<?xml version="1.0" encoding="UTF-8"?>
<!-- Generated by org.testng.reporters.JUnitReportReporter -->
<testsuite hostname="DESKTOP-FBT3I7F" name="EXLTEXH_PACKAGE.Amazon_Test" tests="5" failures="0" timestamp="11 Nov 2019 06:10:07 GMT" time="26.230" errors="0">
  <testcase name="f" time="5.789" classname="EXLTEXH_PACKAGE.Amazon_Test"/>
  <testcase name="test" time="3.721" classname="EXLTEXH_PACKAGE.Amazon_Test"/>
  <testcase name="test4" time="8.954" classname="EXLTEXH_PACKAGE.Amazon_Test"/>
  <testcase name="test5" time="2.214" classname="EXLTEXH_PACKAGE.Amazon_Test"/>
  <testcase name="test3" time="5.552" classname="EXLTEXH_PACKAGE.Amazon_Test"/>
</testsuite> <!-- EXLTEXH_PACKAGE.Amazon_Test -->
