<?xml version="1.0" encoding="UTF-8"?>
<!-- Generated by org.testng.reporters.JUnitReportReporter -->
<testsuite hostname="DESKTOP-FBT3I7F" name="ExltechPackage1.PassingData_DDT" tests="2" failures="0" timestamp="22 Nov 2019 06:42:49 GMT" time="17.887" errors="0">
  <testcase name="f" time="12.502" classname="ExltechPackage1.PassingData_DDT"/>
  <testcase name="f" time="5.385" classname="ExltechPackage1.PassingData_DDT"/>
</testsuite> <!-- ExltechPackage1.PassingData_DDT -->
