<?xml version="1.0" encoding="UTF-8"?>
<!-- Generated by org.testng.reporters.JUnitReportReporter -->
<testsuite hostname="DESKTOP-FBT3I7F" name="ExltechPackage2.NewTest2" tests="1" failures="0" timestamp="22 Nov 2019 06:12:53 GMT" time="16.654" errors="0">
  <testcase name="f" time="16.654" classname="ExltechPackage2.NewTest2"/>
</testsuite> <!-- ExltechPackage2.NewTest2 -->
