<?xml version="1.0" encoding="UTF-8"?>
<!-- Generated by org.testng.reporters.JUnitReportReporter -->
<testsuite hostname="DESKTOP-FBT3I7F" name="ExltechPackage2.Orange_hrm" tests="3" failures="0" timestamp="20 Nov 2019 09:23:54 GMT" time="17.527" errors="0">
  <testcase name="f" time="6.602" classname="ExltechPackage2.Orange_hrm"/>
  <testcase name="f8" time="9.945" classname="ExltechPackage2.Orange_hrm"/>
  <testcase name="f1" time="0.980" classname="ExltechPackage2.Orange_hrm"/>
</testsuite> <!-- ExltechPackage2.Orange_hrm -->
