<?xml version="1.0" encoding="UTF-8"?>
<!-- Generated by org.testng.reporters.JUnitReportReporter -->
<testsuite hostname="DESKTOP-FBT3I7F" name="EXLTEXH_PACKAGE.Amazon_Shopping" tests="3" failures="0" timestamp="11 Nov 2019 06:48:10 GMT" time="28.399" errors="0">
  <testcase name="f" time="3.806" classname="EXLTEXH_PACKAGE.Amazon_Shopping"/>
  <testcase name="f8" time="5.147" classname="EXLTEXH_PACKAGE.Amazon_Shopping"/>
  <testcase name="f1" time="19.446" classname="EXLTEXH_PACKAGE.Amazon_Shopping"/>
</testsuite> <!-- EXLTEXH_PACKAGE.Amazon_Shopping -->
