<?xml version="1.0" encoding="UTF-8"?>
<!-- Generated by org.testng.reporters.JUnitReportReporter -->
<testsuite hostname="DESKTOP-FBT3I7F" name="ExltechPackage1.NewTest" tests="4" failures="0" timestamp="20 Nov 2019 07:31:04 GMT" time="111.319" errors="0">
  <testcase name="Parameter" time="30.315" classname="ExltechPackage1.NewTest"/>
  <testcase name="Parameter" time="30.657" classname="ExltechPackage1.NewTest"/>
  <testcase name="Parameter" time="30.301" classname="ExltechPackage1.NewTest"/>
  <testcase name="Parameter" time="20.046" classname="ExltechPackage1.NewTest"/>
</testsuite> <!-- ExltechPackage1.NewTest -->
