<?xml version="1.0" encoding="UTF-8"?>
<!-- Generated by org.testng.reporters.JUnitReportReporter -->
<testsuite hostname="DESKTOP-FBT3I7F" name="New_package.Test1" tests="2" failures="0" timestamp="16 Jan 2020 00:18:33 GMT" time="29.565" errors="0">
  <testcase name="f2" time="29.542" classname="New_package.Test1"/>
  <testcase name="f" time="0.023" classname="New_package.Test1"/>
</testsuite> <!-- New_package.Test1 -->
